<?xml version="1.0" encoding="UTF-8"?>
<!-- Generated by org.testng.reporters.JUnitReportReporter -->
<testsuite hostname="Ranjith" failures="0" tests="1" name="testCases.LoginPageandLogoutTestCase" time="3.857" errors="0" timestamp="2024-12-28T19:55:24 IST" skipped="0">
  <testcase classname="testCases.LoginPageandLogoutTestCase" name="loginFunction" time="3.857"/>
</testsuite> <!-- testCases.LoginPageandLogoutTestCase -->
