<?xml version="1.0" encoding="UTF-8"?>
<!-- Generated by org.testng.reporters.JUnitReportReporter -->
<testsuite hostname="Ranjith" failures="0" tests="1" name="testCases.LoginPageTestCase" time="0.730" errors="0" timestamp="2024-12-28T19:11:23 IST" skipped="0">
  <testcase classname="testCases.LoginPageTestCase" name="loginFunction" time="0.730"/>
</testsuite> <!-- testCases.LoginPageTestCase -->
