<?xml version="1.0" encoding="UTF-8"?>
<!-- Generated by org.testng.reporters.JUnitReportReporter -->
<testsuite hostname="Ranjith" failures="0" tests="5" name="testCases.LoginPageandLogoutTestCase" time="10.645" errors="0" timestamp="2024-12-30T11:28:36 IST" skipped="0">
  <testcase classname="testCases.LoginPageandLogoutTestCase" name="validUnameAndInvalidPword" time="2.287"/>
  <testcase classname="testCases.LoginPageandLogoutTestCase" name="invalidUnameAndvalidPword" time="1.622"/>
  <testcase classname="testCases.LoginPageandLogoutTestCase" name="invalidUnameAndPword" time="1.720"/>
  <testcase classname="testCases.LoginPageandLogoutTestCase" name="validUnameAndvalidPword" time="2.062"/>
  <testcase classname="testCases.LoginPageandLogoutTestCase" name="logOut" time="2.954"/>
</testsuite> <!-- testCases.LoginPageandLogoutTestCase -->
